#
# There is insufficient memory for the Java Runtime Environment to continue.
# Native memory allocation (mmap) failed to map 134217728 bytes. Error detail: G1 virtual space
# Possible reasons:
#   The system is out of physical RAM or swap space
#   This process is running with CompressedOops enabled, and the Java Heap may be blocking the growth of the native heap
# Possible solutions:
#   Reduce memory load on the system
#   Increase physical memory or swap space
#   Check if swap backing store is full
#   Decrease Java heap size (-Xmx/-Xms)
#   Decrease number of Java threads
#   Decrease Java thread stack sizes (-Xss)
#   Set larger code cache with -XX:ReservedCodeCacheSize=
#   JVM is running with Unscaled Compressed Oops mode in which the Java heap is
#     placed in the first 4GB address space. The Java Heap base address is the
#     maximum limit for the native heap growth. Please use -XX:HeapBaseMinAddress
#     to set the Java Heap base and to place the Java Heap above 4GB virtual address.
# This output file may be truncated or incomplete.
#
#  Out of Memory Error (os_windows.cpp:3703), pid=14480, tid=15436
#
# JRE version:  (23.0+37) (build )
# Java VM: Java HotSpot(TM) 64-Bit Server VM (23+37-2369, mixed mode, sharing, tiered, compressed oops, compressed class ptrs, g1 gc, windows-amd64)
# No core dump will be written. Minidumps are not enabled by default on client versions of Windows
#

---------------  S U M M A R Y ------------

Command Line: -Dnet.bytebuddy.agent.attacher.dump= net.bytebuddy.agent.Attacher com.sun.tools.attach.VirtualMachine 2644 C:\Users\OS\.m2\repository\net\bytebuddy\byte-buddy-agent\1.14.19\byte-buddy-agent-1.14.19.jar false 

Host: Intel(R) Core(TM) i5-6300U CPU @ 2.40GHz, 4 cores, 7G,  Windows 10 , 64 bit Build 19041 (10.0.19041.4957)
Time: Wed Oct 23 10:37:57 2024 SE Asia Standard Time elapsed time: 0.026479 seconds (0d 0h 0m 0s)

---------------  T H R E A D  ---------------

Current thread (0x000001a2cecbc520):  JavaThread "Unknown thread" [_thread_in_vm, id=15436, stack(0x0000003d94500000,0x0000003d94600000) (1024K)]

Stack: [0x0000003d94500000,0x0000003d94600000]
Native frames: (J=compiled Java code, j=interpreted, Vv=VM code, C=native code)
V  [jvm.dll+0x6e08a9]  (no source info available)
V  [jvm.dll+0x87da63]  (no source info available)
V  [jvm.dll+0x87feee]  (no source info available)
V  [jvm.dll+0x8805c3]  (no source info available)
V  [jvm.dll+0x27aee6]  (no source info available)
V  [jvm.dll+0x6dd1b5]  (no source info available)
V  [jvm.dll+0x6d103a]  (no source info available)
V  [jvm.dll+0x35b3ea]  (no source info available)
V  [jvm.dll+0x3637f6]  (no source info available)
V  [jvm.dll+0x34fd5e]  (no source info available)
V  [jvm.dll+0x34fff8]  (no source info available)
V  [jvm.dll+0x3289cc]  (no source info available)
V  [jvm.dll+0x32966e]  (no source info available)
V  [jvm.dll+0x8442e5]  (no source info available)
V  [jvm.dll+0x3b9848]  (no source info available)
V  [jvm.dll+0x82d0dc]  (no source info available)
V  [jvm.dll+0x454d4e]  (no source info available)
V  [jvm.dll+0x456bd1]  (no source info available)
C  [jli.dll+0x52a3]  (no source info available)
C  [ucrtbase.dll+0x21bb2]  (no source info available)
C  [KERNEL32.DLL+0x17374]  (no source info available)
C  [ntdll.dll+0x4cc91]  (no source info available)

Lock stack of current Java thread (top to bottom):


---------------  P R O C E S S  ---------------

Threads class SMR info:
_java_thread_list=0x00007fffa1363618, length=0, elements={
}

Java Threads: ( => current thread )
Total: 0

Other Threads:
  0x000001a2d0ff4780 WorkerThread "GC Thread#0"                     [id=12048, stack(0x0000003d94600000,0x0000003d94700000) (1024K)]
  0x000001a2d10093c0 ConcurrentGCThread "G1 Main Marker"            [id=8512, stack(0x0000003d94700000,0x0000003d94800000) (1024K)]
  0x000001a2d1009ed0 WorkerThread "G1 Conc#0"                       [id=9108, stack(0x0000003d94800000,0x0000003d94900000) (1024K)]

[error occurred during error reporting (printing all threads), id 0xc0000005, EXCEPTION_ACCESS_VIOLATION (0xc0000005) at pc=0x00007fffa0aabfba]
VM state: not at safepoint (not fully initialized)

VM Mutex/Monitor currently owned by a thread:  ([mutex/lock_event])
[0x00007fffa13e3a10] Heap_lock - owner thread: 0x000001a2cecbc520

Heap address: 0x0000000081a00000, size: 2022 MB, Compressed Oops mode: 32-bit

CDS archive(s) mapped at: [0x0000000000000000-0x0000000000000000-0x0000000000000000), size 0, SharedBaseAddress: 0x0000000800000000, ArchiveRelocationMode: 1.
Narrow klass base: 0x0000000000000000, Narrow klass shift: 0, Narrow klass range: 0x0

GC Precious Log:
 CardTable entry size: 512
 Card Set container configuration: InlinePtr #cards 5 size 8 Array Of Cards #cards 10 size 36 Howl #buckets 4 coarsen threshold 1843 Howl Bitmap #cards 512 size 80 coarsen threshold 460 Card regions per heap region 1 cards per card region 2048

Heap:
 garbage-first heap   total reserved 2070528K, committed 0K, used 0K [0x0000000081a00000, 0x0000000100000000)
  region size 1024K, 0 young (0K), 0 survivors (0K)

[error occurred during error reporting (printing heap information), id 0xc0000005, EXCEPTION_ACCESS_VIOLATION (0xc0000005) at pc=0x00007fffa0eac3b9]
GC Heap History (0 events):
No events

Dll operation events (1 events):
Event: 0.019 Loaded shared library C:\Program Files\Java\jdk-23\bin\java.dll

Deoptimization events (0 events):
No events

Classes loaded (0 events):
No events

Classes unloaded (0 events):
No events

Classes redefined (0 events):
No events

Internal exceptions (0 events):
No events

VM Operations (0 events):
No events

Memory protections (0 events):
No events

Nmethod flushes (0 events):
No events

Events (0 events):
No events


Dynamic libraries:
0x00007ff638000000 - 0x00007ff638010000 	C:\Program Files\Java\jdk-23\bin\java.exe
0x00007fffdd5f0000 - 0x00007fffdd7e8000 	C:\WINDOWS\SYSTEM32\ntdll.dll
0x00007fffdbc10000 - 0x00007fffdbcd2000 	C:\WINDOWS\System32\KERNEL32.DLL
0x00007fffdafb0000 - 0x00007fffdb2ae000 	C:\WINDOWS\System32\KERNELBASE.dll
0x00007fffdb470000 - 0x00007fffdb570000 	C:\WINDOWS\System32\ucrtbase.dll
0x00007fffc1cb0000 - 0x00007fffc1cc7000 	C:\Program Files\Java\jdk-23\bin\jli.dll
0x00007fffc22e0000 - 0x00007fffc22fb000 	C:\Program Files\Java\jdk-23\bin\VCRUNTIME140.dll
0x00007fffdb800000 - 0x00007fffdb99d000 	C:\WINDOWS\System32\USER32.dll
0x00007fffc69f0000 - 0x00007fffc6c8a000 	C:\WINDOWS\WinSxS\amd64_microsoft.windows.common-controls_6595b64144ccf1df_6.0.19041.4355_none_60b8b9eb71f62e16\COMCTL32.dll
0x00007fffdb5e0000 - 0x00007fffdb602000 	C:\WINDOWS\System32\win32u.dll
0x00007fffdbcf0000 - 0x00007fffdbd8e000 	C:\WINDOWS\System32\msvcrt.dll
0x00007fffdb6f0000 - 0x00007fffdb71b000 	C:\WINDOWS\System32\GDI32.dll
0x00007fffdb350000 - 0x00007fffdb467000 	C:\WINDOWS\System32\gdi32full.dll
0x00007fffdb2b0000 - 0x00007fffdb34d000 	C:\WINDOWS\System32\msvcp_win.dll
0x00007fffdb720000 - 0x00007fffdb74f000 	C:\WINDOWS\System32\IMM32.DLL
0x00007fffc7c60000 - 0x00007fffc7c6c000 	C:\Program Files\Java\jdk-23\bin\vcruntime140_1.dll
0x00007fffb0c20000 - 0x00007fffb0cae000 	C:\Program Files\Java\jdk-23\bin\msvcp140.dll
0x00007fffa0770000 - 0x00007fffa14bf000 	C:\Program Files\Java\jdk-23\bin\server\jvm.dll
0x00007fffdb630000 - 0x00007fffdb6e2000 	C:\WINDOWS\System32\ADVAPI32.dll
0x00007fffdd030000 - 0x00007fffdd0d0000 	C:\WINDOWS\System32\sechost.dll
0x00007fffdcf00000 - 0x00007fffdd023000 	C:\WINDOWS\System32\RPCRT4.dll
0x00007fffdaf80000 - 0x00007fffdafa7000 	C:\WINDOWS\System32\bcrypt.dll
0x00007fffdbf90000 - 0x00007fffdbffb000 	C:\WINDOWS\System32\WS2_32.dll
0x00007fffdaaf0000 - 0x00007fffdab3b000 	C:\WINDOWS\SYSTEM32\POWRPROF.dll
0x00007fffd3e90000 - 0x00007fffd3e9a000 	C:\WINDOWS\SYSTEM32\VERSION.dll
0x00007fffc7720000 - 0x00007fffc7747000 	C:\WINDOWS\SYSTEM32\WINMM.dll
0x00007fffdaad0000 - 0x00007fffdaae2000 	C:\WINDOWS\SYSTEM32\UMPDC.dll
0x00007fffd8cb0000 - 0x00007fffd8cc2000 	C:\WINDOWS\SYSTEM32\kernel.appcore.dll
0x00007fffc7b20000 - 0x00007fffc7b2a000 	C:\Program Files\Java\jdk-23\bin\jimage.dll
0x00007fffd81e0000 - 0x00007fffd83c4000 	C:\WINDOWS\SYSTEM32\DBGHELP.DLL
0x00007fffd2df0000 - 0x00007fffd2e24000 	C:\WINDOWS\SYSTEM32\dbgcore.DLL
0x00007fffdadf0000 - 0x00007fffdae72000 	C:\WINDOWS\System32\bcryptPrimitives.dll
0x00007fffbc8e0000 - 0x00007fffbc8fe000 	C:\Program Files\Java\jdk-23\bin\java.dll
0x00007fffdc000000 - 0x00007fffdc12b000 	C:\WINDOWS\System32\ole32.dll
0x00007fffdd250000 - 0x00007fffdd5a3000 	C:\WINDOWS\System32\combase.dll
0x00007fffdc270000 - 0x00007fffdc9df000 	C:\WINDOWS\System32\SHELL32.dll

dbghelp: loaded successfully - version: 4.0.5 - missing functions: none
symbol engine: initialized successfully - sym options: 0x614 - pdb path: .;C:\Program Files\Java\jdk-23\bin;C:\WINDOWS\SYSTEM32;C:\WINDOWS\WinSxS\amd64_microsoft.windows.common-controls_6595b64144ccf1df_6.0.19041.4355_none_60b8b9eb71f62e16;C:\Program Files\Java\jdk-23\bin\server

VM Arguments:
jvm_args: -Dnet.bytebuddy.agent.attacher.dump= 
java_command: net.bytebuddy.agent.Attacher com.sun.tools.attach.VirtualMachine 2644 C:\Users\OS\.m2\repository\net\bytebuddy\byte-buddy-agent\1.14.19\byte-buddy-agent-1.14.19.jar false 
java_class_path (initial): C:\Users\OS\.m2\repository\net\bytebuddy\byte-buddy-agent\1.14.19\byte-buddy-agent-1.14.19.jar
Launcher Type: SUN_STANDARD

[Global flags]
     intx CICompilerCount                          = 3                                         {product} {ergonomic}
     uint ConcGCThreads                            = 1                                         {product} {ergonomic}
     uint G1ConcRefinementThreads                  = 4                                         {product} {ergonomic}
   size_t G1HeapRegionSize                         = 1048576                                   {product} {ergonomic}
   size_t InitialHeapSize                          = 134217728                                 {product} {ergonomic}
   size_t MarkStackSize                            = 4194304                                   {product} {ergonomic}
   size_t MarkStackSizeMax                         = 536870912                                 {product} {ergonomic}
   size_t MaxHeapSize                              = 2120220672                                {product} {ergonomic}
   size_t MinHeapDeltaBytes                        = 1048576                                   {product} {ergonomic}
   size_t MinHeapSize                              = 8388608                                   {product} {ergonomic}
    uintx NonNMethodCodeHeapSize                   = 5832704                                {pd product} {ergonomic}
    uintx NonProfiledCodeHeapSize                  = 122945536                              {pd product} {ergonomic}
    uintx ProfiledCodeHeapSize                     = 122880000                              {pd product} {ergonomic}
    uintx ReservedCodeCacheSize                    = 251658240                              {pd product} {ergonomic}
     bool SegmentedCodeCache                       = true                                      {product} {ergonomic}
   size_t SoftMaxHeapSize                          = 2120220672                             {manageable} {ergonomic}
     bool UseCompressedOops                        = true                           {product lp64_product} {ergonomic}
     bool UseG1GC                                  = true                                      {product} {ergonomic}
     bool UseLargePagesIndividualAllocation        = false                                  {pd product} {ergonomic}

Logging:
Log output configuration:
 #0: stdout all=warning uptime,level,tags foldmultilines=false
 #1: stderr all=off uptime,level,tags foldmultilines=false

Environment Variables:
PATH=C:\Program Files\Common Files\Oracle\Java\javapath;C:\WINDOWS\system32;C:\WINDOWS;C:\WINDOWS\System32\Wbem;C:\WINDOWS\System32\WindowsPowerShell\v1.0\;C:\WINDOWS\System32\OpenSSH\;C:\ProgramData\chocolatey\bin;C:\Program Files\Git\cmd;C:\composer;C:\php-8.2.15;C:\Users\OS\AppData\Roaming\nvm;C:\Program Files\nodejs;C:\Program Files\Docker\Docker\resources\bin;c:\Users\OS\AppData\Local\Programs\cursor\resources\app\bin;C:\Program Files\apache-maven-3.9.9\bin;C:\Users\OS\AppData\Local\Microsoft\WindowsApps;D:\Microsoft VS Code\bin;C:\Users\OS\AppData\Roaming\Composer\vendor\bin;C:\Program Files\JetBrains\PhpStorm 2023.3.2\bin;;C:\Users\OS\AppData\Local\GitHubDesktop\bin;C:\Users\OS\AppData\Roaming\nvm;C:\Program Files\nodejs;D:\app\IntelliJ IDEA 2024.2.2\bin;
USERNAME=OS
OS=Windows_NT
PROCESSOR_IDENTIFIER=Intel64 Family 6 Model 78 Stepping 3, GenuineIntel
TMP=C:\Users\OS\AppData\Local\Temp
TEMP=C:\Users\OS\AppData\Local\Temp




Periodic native trim disabled

---------------  S Y S T E M  ---------------

OS:
 Windows 10 , 64 bit Build 19041 (10.0.19041.4957)
OS uptime: 5 days 17:03 hours
Hyper-V role detected

CPU: total 4 (initial active 4) (2 cores per cpu, 2 threads per core) family 6 model 78 stepping 3 microcode 0xf0, cx8, cmov, fxsr, ht, mmx, 3dnowpref, sse, sse2, sse3, ssse3, sse4.1, sse4.2, popcnt, lzcnt, tsc, tscinvbit, avx, avx2, aes, erms, clmul, bmi1, bmi2, rtm, adx, fma, vzeroupper, clflush, clflushopt, hv, rdtscp, f16c
Processor Information for the first 4 processors :
  Max Mhz: 2501, Current Mhz: 2400, Mhz Limit: 2375

Memory: 4k page, system-wide physical 8083M (414M free)
TotalPageFile size 15251M (AvailPageFile size 130M)
current process WorkingSet (physical memory assigned to process): 11M, peak: 11M
current process commit charge ("private bytes"): 52M, peak: 180M

vm_info: Java HotSpot(TM) 64-Bit Server VM (23+37-2369) for windows-amd64 JRE (23+37-2369), built on 2024-08-20T16:01:23Z with MS VC++ 17.6 (VS2022)

END.
